
*** Running vivado
    with args -log RVPLCPU_TOP.vds -m64 -product Vivado -mode batch -messageDb vivado.pb -notrace -source RVPLCPU_TOP.tcl


ECHO 处于关闭状态。
ECHO 处于关闭状态。

****** Vivado v2023.2 (64-bit)
  **** SW Build 4029153 on Fri Oct 13 20:14:34 MDT 2023
  **** IP Build 4028589 on Sat Oct 14 00:45:43 MDT 2023
  **** SharedData Build 4025554 on Tue Oct 10 17:18:54 MDT 2023
    ** Copyright 1986-2022 Xilinx, Inc. All Rights Reserved.
    ** Copyright 2022-2023 Advanced Micro Devices, Inc. All Rights Reserved.

source RVPLCPU_TOP.tcl -notrace
Command: read_checkpoint -auto_incremental -incremental D:/Desktop/COA/try/PLCPU_FPGA/PLCPU/PLCPU.srcs/utils_1/imports/synth_1/plcomp.dcp
INFO: [Vivado 12-5825] Read reference checkpoint from D:/Desktop/COA/try/PLCPU_FPGA/PLCPU/PLCPU.srcs/utils_1/imports/synth_1/plcomp.dcp for incremental synthesis
INFO: [Vivado 12-7989] Please ensure there are no constraint changes
Command: synth_design -top RVPLCPU_TOP -part xc7a100tcsg324-1
Starting synth_design
Attempting to get a license for feature 'Synthesis' and/or device 'xc7a100t'
INFO: [Common 17-349] Got license for feature 'Synthesis' and/or device 'xc7a100t'
INFO: [Device 21-403] Loading part xc7a100tcsg324-1
INFO: [Designutils 20-5440] No compile time benefit to using incremental synthesis; A full resynthesis will be run
INFO: [Designutils 20-4379] Flow is switching to default flow due to incremental criteria not met. If you would like to alter this behaviour and have the flow terminate instead, please set the following parameter config_implementation {autoIncr.Synth.RejectBehavior Terminate}
INFO: [Synth 8-7079] Multithreading enabled for synth_design using a maximum of 2 processes.
INFO: [Synth 8-7078] Launching helper process for spawning children vivado processes
INFO: [Synth 8-7075] Helper process launched with PID 30652
ERROR: [Synth 8-9263] cannot open include file 'ctrl_encode_def.v' [D:/Desktop/COA/try/PLCPU_FPGA/PLCPU/PLCPU.srcs/sources_1/imports/codtest/dm.v:1]
---------------------------------------------------------------------------------
Starting RTL Elaboration : Time (s): cpu = 00:00:03 ; elapsed = 00:00:05 . Memory (MB): peak = 1345.840 ; gain = 439.527
---------------------------------------------------------------------------------
ERROR: [Synth 8-9263] cannot open include file 'ctrl_encode_def.v' [D:/Desktop/COA/try/PLCPU_FPGA/PLCPU/PLCPU.srcs/sources_1/imports/codtest/dm.v:1]
INFO: [Synth 8-10285] module 'dm' is ignored due to previous errors [D:/Desktop/COA/try/PLCPU_FPGA/PLCPU/PLCPU.srcs/sources_1/imports/codtest/dm.v:23]
INFO: [Synth 8-9084] Verilog file 'D:/Desktop/COA/try/PLCPU_FPGA/PLCPU/PLCPU.srcs/sources_1/imports/codtest/dm.v' ignored due to errors
ERROR: [Synth 8-439] module 'RVPLCPU_TOP' not found
---------------------------------------------------------------------------------
Finished RTL Elaboration : Time (s): cpu = 00:00:03 ; elapsed = 00:00:06 . Memory (MB): peak = 1452.980 ; gain = 546.668
---------------------------------------------------------------------------------
RTL Elaboration failed
INFO: [Common 17-83] Releasing license: Synthesis
12 Infos, 0 Warnings, 0 Critical Warnings and 4 Errors encountered.
synth_design failed
ERROR: [Common 17-69] Command failed: Synthesis failed - please see the console or run log file for details
INFO: [Common 17-206] Exiting Vivado at Thu May 22 22:14:14 2025...
